payment_gateway_demo/build/app/intermediates/manifest_merge_blame_file/debug/manifest-merger-blame-debug-report.txt
1<?xml version="1.0" encoding="utf-8"?>
2<manifest xmlns:android="http://schemas.android.com/apk/res/android"
3    package="com.example.payment_gateway_demo"
4    android:versionCode="1"
5    android:versionName="1.0.0" >
6
7    <uses-sdk
8        android:minSdkVersion="19"
9        android:targetSdkVersion="31" />
10    <!--
11         The INTERNET permission is required for development. Specifically,
12         the Flutter tool needs it to communicate with the running application
13         to allow setting breakpoints, to provide hot reload, etc.
14    -->
15    <uses-permission android:name="android.permission.INTERNET" />
15-->src\debug\AndroidManifest.xml:7:5-66
15-->src\debug\AndroidManifest.xml:7:22-64
16
17    <queries>
17-->[com.razorpay:checkout:1.6.26] AndroidManifest.xml:11:5-37:15
18        <intent>
18-->[com.razorpay:checkout:1.6.26] AndroidManifest.xml:12:9-18:18
19            <action android:name="android.intent.action.VIEW" />
19-->[com.razorpay:checkout:1.6.26] AndroidManifest.xml:13:13-65
19-->[com.razorpay:checkout:1.6.26] AndroidManifest.xml:13:21-62
20
21            <data
21-->[com.razorpay:checkout:1.6.26] AndroidManifest.xml:15:13-17:38
22                android:mimeType="*/*"
22-->[com.razorpay:checkout:1.6.26] AndroidManifest.xml:16:17-39
23                android:scheme="*" />
23-->[com.razorpay:checkout:1.6.26] AndroidManifest.xml:17:17-35
24        </intent>
25        <intent>
25-->[com.razorpay:checkout:1.6.26] AndroidManifest.xml:19:9-28:18
26            <action android:name="android.intent.action.VIEW" />
26-->[com.razorpay:checkout:1.6.26] AndroidManifest.xml:13:13-65
26-->[com.razorpay:checkout:1.6.26] AndroidManifest.xml:13:21-62
27
28            <category android:name="android.intent.category.BROWSABLE" />
28-->[com.razorpay:checkout:1.6.26] AndroidManifest.xml:22:13-74
28-->[com.razorpay:checkout:1.6.26] AndroidManifest.xml:22:23-71
29
30            <data
30-->[com.razorpay:checkout:1.6.26] AndroidManifest.xml:15:13-17:38
31                android:host="pay"
32                android:mimeType="*/*"
32-->[com.razorpay:checkout:1.6.26] AndroidManifest.xml:16:17-39
33                android:scheme="upi" />
33-->[com.razorpay:checkout:1.6.26] AndroidManifest.xml:17:17-35
34        </intent>
35        <intent>
35-->[com.razorpay:checkout:1.6.26] AndroidManifest.xml:29:9-31:18
36            <action android:name="android.intent.action.MAIN" />
36-->[com.razorpay:checkout:1.6.26] AndroidManifest.xml:30:13-65
36-->[com.razorpay:checkout:1.6.26] AndroidManifest.xml:30:21-62
37        </intent>
38        <intent>
38-->[com.razorpay:checkout:1.6.26] AndroidManifest.xml:32:9-36:18
39            <action android:name="android.intent.action.SEND" />
39-->[com.razorpay:checkout:1.6.26] AndroidManifest.xml:33:13-65
39-->[com.razorpay:checkout:1.6.26] AndroidManifest.xml:33:21-62
40
41            <data android:mimeType="*/*" />
41-->[com.razorpay:checkout:1.6.26] AndroidManifest.xml:15:13-17:38
41-->[com.razorpay:checkout:1.6.26] AndroidManifest.xml:16:17-39
42        </intent>
43    </queries> <!-- Include required permissions for Google Maps API to run. -->
44    <uses-permission android:name="android.permission.ACCESS_NETWORK_STATE" />
44-->[com.google.android.gms:play-services-maps:17.0.0] AndroidManifest.xml:23:5-79
44-->[com.google.android.gms:play-services-maps:17.0.0] AndroidManifest.xml:23:22-76
45
46    <uses-feature
46-->[com.google.android.gms:play-services-maps:17.0.0] AndroidManifest.xml:26:5-28:35
47        android:glEsVersion="0x00020000"
47-->[com.google.android.gms:play-services-maps:17.0.0] AndroidManifest.xml:27:9-41
48        android:required="true" />
48-->[com.google.android.gms:play-services-maps:17.0.0] AndroidManifest.xml:28:9-32
49
50    <application
51        android:name="android.app.Application"
52        android:appComponentFactory="androidx.core.app.CoreComponentFactory"
52-->[androidx.core:core:1.6.0] AndroidManifest.xml:24:18-86
53        android:debuggable="true"
54        android:icon="@mipmap/ic_launcher"
55        android:label="payment_gateway_demo" >
56        <activity
57            android:name="com.example.payment_gateway_demo.MainActivity"
58            android:configChanges="orientation|keyboardHidden|keyboard|screenSize|smallestScreenSize|locale|layoutDirection|fontScale|screenLayout|density|uiMode"
59            android:exported="true"
60            android:hardwareAccelerated="true"
61            android:launchMode="singleTop"
62            android:theme="@style/LaunchTheme"
63            android:windowSoftInputMode="adjustResize" >
64
65            <!--
66                 Specifies an Android theme to apply to this Activity as soon as
67                 the Android process has started. This theme is visible to the user
68                 while the Flutter UI initializes. After that, this theme continues
69                 to determine the Window background behind the Flutter UI.
70            -->
71            <meta-data
72                android:name="io.flutter.embedding.android.NormalTheme"
73                android:resource="@style/NormalTheme" />
74
75            <intent-filter>
76                <action android:name="android.intent.action.MAIN" />
76-->[com.razorpay:checkout:1.6.26] AndroidManifest.xml:30:13-65
76-->[com.razorpay:checkout:1.6.26] AndroidManifest.xml:30:21-62
77
78                <category android:name="android.intent.category.LAUNCHER" />
79            </intent-filter>
80        </activity>
81        <!--
82             Don't delete the meta-data below.
83             This is used by the Flutter tool to generate GeneratedPluginRegistrant.java
84        -->
85        <meta-data
86            android:name="flutterEmbedding"
87            android:value="2" />
88
89        <receiver
89-->[com.razorpay:checkout:1.6.26] AndroidManifest.xml:40:9-46:20
90            android:name="com.razorpay.RzpTokenReceiver"
90-->[com.razorpay:checkout:1.6.26] AndroidManifest.xml:41:13-57
91            android:exported="false" >
91-->[com.razorpay:checkout:1.6.26] AndroidManifest.xml:42:13-37
92            <intent-filter>
92-->[com.razorpay:checkout:1.6.26] AndroidManifest.xml:43:13-45:29
93                <action android:name="rzp.device_token.share" />
93-->[com.razorpay:checkout:1.6.26] AndroidManifest.xml:44:17-65
93-->[com.razorpay:checkout:1.6.26] AndroidManifest.xml:44:25-62
94            </intent-filter>
95        </receiver>
96
97        <activity
97-->[com.razorpay:checkout:1.6.26] AndroidManifest.xml:48:9-60:20
98            android:name="com.razorpay.CheckoutActivity"
98-->[com.razorpay:checkout:1.6.26] AndroidManifest.xml:49:13-57
99            android:configChanges="keyboard|keyboardHidden|orientation|screenSize"
99-->[com.razorpay:checkout:1.6.26] AndroidManifest.xml:50:13-83
100            android:exported="true"
100-->[com.razorpay:checkout:1.6.26] AndroidManifest.xml:51:13-36
101            android:theme="@style/CheckoutTheme" >
101-->[com.razorpay:checkout:1.6.26] AndroidManifest.xml:52:13-49
102            <intent-filter>
102-->[com.razorpay:checkout:1.6.26] AndroidManifest.xml:53:13-59:29
103                <action android:name="android.intent.action.MAIN" />
103-->[com.razorpay:checkout:1.6.26] AndroidManifest.xml:30:13-65
103-->[com.razorpay:checkout:1.6.26] AndroidManifest.xml:30:21-62
104
105                <data
105-->[com.razorpay:checkout:1.6.26] AndroidManifest.xml:15:13-17:38
106                    android:host="rzp.io"
107                    android:scheme="io.rzp" />
107-->[com.razorpay:checkout:1.6.26] AndroidManifest.xml:17:17-35
108            </intent-filter>
109        </activity>
110
111        <meta-data
111-->[com.razorpay:checkout:1.6.26] AndroidManifest.xml:62:9-64:58
112            android:name="com.razorpay.plugin.googlepay_all"
112-->[com.razorpay:checkout:1.6.26] AndroidManifest.xml:63:13-61
113            android:value="com.razorpay.RzpGpayMerged" />
113-->[com.razorpay:checkout:1.6.26] AndroidManifest.xml:64:13-55
114
115        <uses-library
115-->[androidx.window:window:1.0.0-beta04] AndroidManifest.xml:25:9-27:40
116            android:name="androidx.window.extensions"
116-->[androidx.window:window:1.0.0-beta04] AndroidManifest.xml:26:13-54
117            android:required="false" />
117-->[androidx.window:window:1.0.0-beta04] AndroidManifest.xml:27:13-37
118        <uses-library
118-->[androidx.window:window:1.0.0-beta04] AndroidManifest.xml:28:9-30:40
119            android:name="androidx.window.sidecar"
119-->[androidx.window:window:1.0.0-beta04] AndroidManifest.xml:29:13-51
120            android:required="false" />
120-->[androidx.window:window:1.0.0-beta04] AndroidManifest.xml:30:13-37
121
122        <activity
122-->[com.google.android.gms:play-services-auth:17.0.0] AndroidManifest.xml:23:9-27:75
123            android:name="com.google.android.gms.auth.api.signin.internal.SignInHubActivity"
123-->[com.google.android.gms:play-services-auth:17.0.0] AndroidManifest.xml:24:13-93
124            android:excludeFromRecents="true"
124-->[com.google.android.gms:play-services-auth:17.0.0] AndroidManifest.xml:25:13-46
125            android:exported="false"
125-->[com.google.android.gms:play-services-auth:17.0.0] AndroidManifest.xml:26:13-37
126            android:theme="@android:style/Theme.Translucent.NoTitleBar" />
126-->[com.google.android.gms:play-services-auth:17.0.0] AndroidManifest.xml:27:13-72
127        <!--
128            Service handling Google Sign-In user revocation. For apps that do not integrate with
129            Google Sign-In, this service will never be started.
130        -->
131        <service
131-->[com.google.android.gms:play-services-auth:17.0.0] AndroidManifest.xml:33:9-36:110
132            android:name="com.google.android.gms.auth.api.signin.RevocationBoundService"
132-->[com.google.android.gms:play-services-auth:17.0.0] AndroidManifest.xml:34:13-89
133            android:exported="true"
133-->[com.google.android.gms:play-services-auth:17.0.0] AndroidManifest.xml:35:13-36
134            android:permission="com.google.android.gms.auth.api.signin.permission.REVOCATION_NOTIFICATION" /> <!-- Needs to be explicitly declared on P+ -->
134-->[com.google.android.gms:play-services-auth:17.0.0] AndroidManifest.xml:36:13-107
135        <uses-library
135-->[com.google.android.gms:play-services-maps:17.0.0] AndroidManifest.xml:33:9-35:40
136            android:name="org.apache.http.legacy"
136-->[com.google.android.gms:play-services-maps:17.0.0] AndroidManifest.xml:34:13-50
137            android:required="false" />
137-->[com.google.android.gms:play-services-maps:17.0.0] AndroidManifest.xml:35:13-37
138
139        <activity
139-->[com.google.android.gms:play-services-base:17.5.0] AndroidManifest.xml:23:9-26:75
140            android:name="com.google.android.gms.common.api.GoogleApiActivity"
140-->[com.google.android.gms:play-services-base:17.5.0] AndroidManifest.xml:24:13-79
141            android:exported="false"
141-->[com.google.android.gms:play-services-base:17.5.0] AndroidManifest.xml:25:13-37
142            android:theme="@android:style/Theme.Translucent.NoTitleBar" />
142-->[com.google.android.gms:play-services-base:17.5.0] AndroidManifest.xml:26:13-72
143
144        <meta-data
144-->[com.google.android.gms:play-services-basement:17.6.0] AndroidManifest.xml:23:9-25:69
145            android:name="com.google.android.gms.version"
145-->[com.google.android.gms:play-services-basement:17.6.0] AndroidManifest.xml:24:13-58
146            android:value="@integer/google_play_services_version" />
146-->[com.google.android.gms:play-services-basement:17.6.0] AndroidManifest.xml:25:13-66
147    </application>
148
149</manifest>